2023-04-23 15:33:21,841 [Worker-8: Loading available Gradle versions] INFO  o.e.b.c.i.u.g.PublishedGradleVersions - Gradle version information cache is up-to-date. Trying to read.
2023-04-23 15:34:52,095 [Worker-8: Launching mavenrun-2f59808d-ca69-4577-86fe-a60fcf0aafaf] INFO  o.eclipse.m2e.core.internal.Bundles - getClasspathEntries(Bundle=org.eclipse.m2e.maven.runtime_3.8.604.20221130-2149 [345])
2023-04-23 15:34:52,101 [Worker-8: Launching mavenrun-2f59808d-ca69-4577-86fe-a60fcf0aafaf] INFO  o.eclipse.m2e.core.internal.Bundles - 	Entry: C:\Users\zin22\Downloads\sts-4.17.0.RELEASE\plugins\org.eclipse.m2e.maven.runtime_3.8.604.20221130-2149
2023-04-23 15:34:52,102 [Worker-8: Launching mavenrun-2f59808d-ca69-4577-86fe-a60fcf0aafaf] INFO  o.eclipse.m2e.core.internal.Bundles - 	Entry: C:\Users\zin22\Downloads\sts-4.17.0.RELEASE\plugins\org.eclipse.m2e.maven.runtime_3.8.604.20221130-2149\jars\aether-connector-okhttp-0.17.8.jar
2023-04-23 15:34:52,103 [Worker-8: Launching mavenrun-2f59808d-ca69-4577-86fe-a60fcf0aafaf] INFO  o.eclipse.m2e.core.internal.Bundles - 	Entry: C:\Users\zin22\Downloads\sts-4.17.0.RELEASE\plugins\org.eclipse.m2e.maven.runtime_3.8.604.20221130-2149\jars\commons-cli-1.4.jar
2023-04-23 15:34:52,103 [Worker-8: Launching mavenrun-2f59808d-ca69-4577-86fe-a60fcf0aafaf] INFO  o.eclipse.m2e.core.internal.Bundles - 	Entry: C:\Users\zin22\Downloads\sts-4.17.0.RELEASE\plugins\org.eclipse.m2e.maven.runtime_3.8.604.20221130-2149\jars\commons-io-2.6.jar
2023-04-23 15:34:52,103 [Worker-8: Launching mavenrun-2f59808d-ca69-4577-86fe-a60fcf0aafaf] INFO  o.eclipse.m2e.core.internal.Bundles - 	Entry: C:\Users\zin22\Downloads\sts-4.17.0.RELEASE\plugins\org.eclipse.m2e.maven.runtime_3.8.604.20221130-2149\jars\commons-lang3-3.8.1.jar
2023-04-23 15:34:52,103 [Worker-8: Launching mavenrun-2f59808d-ca69-4577-86fe-a60fcf0aafaf] INFO  o.eclipse.m2e.core.internal.Bundles - 	Entry: C:\Users\zin22\Downloads\sts-4.17.0.RELEASE\plugins\org.eclipse.m2e.maven.runtime_3.8.604.20221130-2149\jars\guice-4.2.2-no_aop.jar
2023-04-23 15:34:52,104 [Worker-8: Launching mavenrun-2f59808d-ca69-4577-86fe-a60fcf0aafaf] INFO  o.eclipse.m2e.core.internal.Bundles - 	Entry: C:\Users\zin22\Downloads\sts-4.17.0.RELEASE\plugins\org.eclipse.m2e.maven.runtime_3.8.604.20221130-2149\jars\jansi-2.4.0.jar
2023-04-23 15:34:52,104 [Worker-8: Launching mavenrun-2f59808d-ca69-4577-86fe-a60fcf0aafaf] INFO  o.eclipse.m2e.core.internal.Bundles - 	Entry: C:\Users\zin22\Downloads\sts-4.17.0.RELEASE\plugins\org.eclipse.m2e.maven.runtime_3.8.604.20221130-2149\jars\maven-artifact-3.8.6.jar
2023-04-23 15:34:52,104 [Worker-8: Launching mavenrun-2f59808d-ca69-4577-86fe-a60fcf0aafaf] INFO  o.eclipse.m2e.core.internal.Bundles - 	Entry: C:\Users\zin22\Downloads\sts-4.17.0.RELEASE\plugins\org.eclipse.m2e.maven.runtime_3.8.604.20221130-2149\jars\maven-builder-support-3.8.6.jar
2023-04-23 15:34:52,104 [Worker-8: Launching mavenrun-2f59808d-ca69-4577-86fe-a60fcf0aafaf] INFO  o.eclipse.m2e.core.internal.Bundles - 	Entry: C:\Users\zin22\Downloads\sts-4.17.0.RELEASE\plugins\org.eclipse.m2e.maven.runtime_3.8.604.20221130-2149\jars\maven-compat-3.8.6.jar
2023-04-23 15:34:52,104 [Worker-8: Launching mavenrun-2f59808d-ca69-4577-86fe-a60fcf0aafaf] INFO  o.eclipse.m2e.core.internal.Bundles - 	Entry: C:\Users\zin22\Downloads\sts-4.17.0.RELEASE\plugins\org.eclipse.m2e.maven.runtime_3.8.604.20221130-2149\jars\maven-core-3.8.6.jar
2023-04-23 15:34:52,104 [Worker-8: Launching mavenrun-2f59808d-ca69-4577-86fe-a60fcf0aafaf] INFO  o.eclipse.m2e.core.internal.Bundles - 	Entry: C:\Users\zin22\Downloads\sts-4.17.0.RELEASE\plugins\org.eclipse.m2e.maven.runtime_3.8.604.20221130-2149\jars\maven-embedder-3.8.6.jar
2023-04-23 15:34:52,105 [Worker-8: Launching mavenrun-2f59808d-ca69-4577-86fe-a60fcf0aafaf] INFO  o.eclipse.m2e.core.internal.Bundles - 	Entry: C:\Users\zin22\Downloads\sts-4.17.0.RELEASE\plugins\org.eclipse.m2e.maven.runtime_3.8.604.20221130-2149\jars\maven-model-3.8.6.jar
2023-04-23 15:34:52,105 [Worker-8: Launching mavenrun-2f59808d-ca69-4577-86fe-a60fcf0aafaf] INFO  o.eclipse.m2e.core.internal.Bundles - 	Entry: C:\Users\zin22\Downloads\sts-4.17.0.RELEASE\plugins\org.eclipse.m2e.maven.runtime_3.8.604.20221130-2149\jars\maven-model-builder-3.8.6.jar
2023-04-23 15:34:52,105 [Worker-8: Launching mavenrun-2f59808d-ca69-4577-86fe-a60fcf0aafaf] INFO  o.eclipse.m2e.core.internal.Bundles - 	Entry: C:\Users\zin22\Downloads\sts-4.17.0.RELEASE\plugins\org.eclipse.m2e.maven.runtime_3.8.604.20221130-2149\jars\maven-plugin-api-3.8.6.jar
2023-04-23 15:34:52,105 [Worker-8: Launching mavenrun-2f59808d-ca69-4577-86fe-a60fcf0aafaf] INFO  o.eclipse.m2e.core.internal.Bundles - 	Entry: C:\Users\zin22\Downloads\sts-4.17.0.RELEASE\plugins\org.eclipse.m2e.maven.runtime_3.8.604.20221130-2149\jars\maven-repository-metadata-3.8.6.jar
2023-04-23 15:34:52,105 [Worker-8: Launching mavenrun-2f59808d-ca69-4577-86fe-a60fcf0aafaf] INFO  o.eclipse.m2e.core.internal.Bundles - 	Entry: C:\Users\zin22\Downloads\sts-4.17.0.RELEASE\plugins\org.eclipse.m2e.maven.runtime_3.8.604.20221130-2149\jars\maven-resolver-api-1.6.3.jar
2023-04-23 15:34:52,106 [Worker-8: Launching mavenrun-2f59808d-ca69-4577-86fe-a60fcf0aafaf] INFO  o.eclipse.m2e.core.internal.Bundles - 	Entry: C:\Users\zin22\Downloads\sts-4.17.0.RELEASE\plugins\org.eclipse.m2e.maven.runtime_3.8.604.20221130-2149\jars\maven-resolver-connector-basic-1.6.3.jar
2023-04-23 15:34:52,106 [Worker-8: Launching mavenrun-2f59808d-ca69-4577-86fe-a60fcf0aafaf] INFO  o.eclipse.m2e.core.internal.Bundles - 	Entry: C:\Users\zin22\Downloads\sts-4.17.0.RELEASE\plugins\org.eclipse.m2e.maven.runtime_3.8.604.20221130-2149\jars\maven-resolver-impl-1.6.3.jar
2023-04-23 15:34:52,106 [Worker-8: Launching mavenrun-2f59808d-ca69-4577-86fe-a60fcf0aafaf] INFO  o.eclipse.m2e.core.internal.Bundles - 	Entry: C:\Users\zin22\Downloads\sts-4.17.0.RELEASE\plugins\org.eclipse.m2e.maven.runtime_3.8.604.20221130-2149\jars\maven-resolver-provider-3.8.6.jar
2023-04-23 15:34:52,106 [Worker-8: Launching mavenrun-2f59808d-ca69-4577-86fe-a60fcf0aafaf] INFO  o.eclipse.m2e.core.internal.Bundles - 	Entry: C:\Users\zin22\Downloads\sts-4.17.0.RELEASE\plugins\org.eclipse.m2e.maven.runtime_3.8.604.20221130-2149\jars\maven-resolver-spi-1.6.3.jar
2023-04-23 15:34:52,106 [Worker-8: Launching mavenrun-2f59808d-ca69-4577-86fe-a60fcf0aafaf] INFO  o.eclipse.m2e.core.internal.Bundles - 	Entry: C:\Users\zin22\Downloads\sts-4.17.0.RELEASE\plugins\org.eclipse.m2e.maven.runtime_3.8.604.20221130-2149\jars\maven-resolver-transport-wagon-1.6.3.jar
2023-04-23 15:34:52,107 [Worker-8: Launching mavenrun-2f59808d-ca69-4577-86fe-a60fcf0aafaf] INFO  o.eclipse.m2e.core.internal.Bundles - 	Entry: C:\Users\zin22\Downloads\sts-4.17.0.RELEASE\plugins\org.eclipse.m2e.maven.runtime_3.8.604.20221130-2149\jars\maven-resolver-util-1.6.3.jar
2023-04-23 15:34:52,107 [Worker-8: Launching mavenrun-2f59808d-ca69-4577-86fe-a60fcf0aafaf] INFO  o.eclipse.m2e.core.internal.Bundles - 	Entry: C:\Users\zin22\Downloads\sts-4.17.0.RELEASE\plugins\org.eclipse.m2e.maven.runtime_3.8.604.20221130-2149\jars\maven-settings-3.8.6.jar
2023-04-23 15:34:52,107 [Worker-8: Launching mavenrun-2f59808d-ca69-4577-86fe-a60fcf0aafaf] INFO  o.eclipse.m2e.core.internal.Bundles - 	Entry: C:\Users\zin22\Downloads\sts-4.17.0.RELEASE\plugins\org.eclipse.m2e.maven.runtime_3.8.604.20221130-2149\jars\maven-settings-builder-3.8.6.jar
2023-04-23 15:34:52,107 [Worker-8: Launching mavenrun-2f59808d-ca69-4577-86fe-a60fcf0aafaf] INFO  o.eclipse.m2e.core.internal.Bundles - 	Entry: C:\Users\zin22\Downloads\sts-4.17.0.RELEASE\plugins\org.eclipse.m2e.maven.runtime_3.8.604.20221130-2149\jars\maven-shared-utils-3.3.4.jar
2023-04-23 15:34:52,107 [Worker-8: Launching mavenrun-2f59808d-ca69-4577-86fe-a60fcf0aafaf] INFO  o.eclipse.m2e.core.internal.Bundles - 	Entry: C:\Users\zin22\Downloads\sts-4.17.0.RELEASE\plugins\org.eclipse.m2e.maven.runtime_3.8.604.20221130-2149\jars\okhttp-3.14.1.jar
2023-04-23 15:34:52,108 [Worker-8: Launching mavenrun-2f59808d-ca69-4577-86fe-a60fcf0aafaf] INFO  o.eclipse.m2e.core.internal.Bundles - 	Entry: C:\Users\zin22\Downloads\sts-4.17.0.RELEASE\plugins\org.eclipse.m2e.maven.runtime_3.8.604.20221130-2149\jars\okio-1.17.3.jar
2023-04-23 15:34:52,108 [Worker-8: Launching mavenrun-2f59808d-ca69-4577-86fe-a60fcf0aafaf] INFO  o.eclipse.m2e.core.internal.Bundles - 	Entry: C:\Users\zin22\Downloads\sts-4.17.0.RELEASE\plugins\org.eclipse.m2e.maven.runtime_3.8.604.20221130-2149\jars\org.eclipse.sisu.inject-0.3.5.jar
2023-04-23 15:34:52,108 [Worker-8: Launching mavenrun-2f59808d-ca69-4577-86fe-a60fcf0aafaf] INFO  o.eclipse.m2e.core.internal.Bundles - 	Entry: C:\Users\zin22\Downloads\sts-4.17.0.RELEASE\plugins\org.eclipse.m2e.maven.runtime_3.8.604.20221130-2149\jars\org.eclipse.sisu.plexus-0.3.5.jar
2023-04-23 15:34:52,109 [Worker-8: Launching mavenrun-2f59808d-ca69-4577-86fe-a60fcf0aafaf] INFO  o.eclipse.m2e.core.internal.Bundles - 	Entry: C:\Users\zin22\Downloads\sts-4.17.0.RELEASE\plugins\org.eclipse.m2e.maven.runtime_3.8.604.20221130-2149\jars\plexus-build-api-0.0.7.jar
2023-04-23 15:34:52,109 [Worker-8: Launching mavenrun-2f59808d-ca69-4577-86fe-a60fcf0aafaf] INFO  o.eclipse.m2e.core.internal.Bundles - 	Entry: C:\Users\zin22\Downloads\sts-4.17.0.RELEASE\plugins\org.eclipse.m2e.maven.runtime_3.8.604.20221130-2149\jars\plexus-cipher-2.0.jar
2023-04-23 15:34:52,109 [Worker-8: Launching mavenrun-2f59808d-ca69-4577-86fe-a60fcf0aafaf] INFO  o.eclipse.m2e.core.internal.Bundles - 	Entry: C:\Users\zin22\Downloads\sts-4.17.0.RELEASE\plugins\org.eclipse.m2e.maven.runtime_3.8.604.20221130-2149\jars\plexus-classworlds-2.6.0.jar
2023-04-23 15:34:52,109 [Worker-8: Launching mavenrun-2f59808d-ca69-4577-86fe-a60fcf0aafaf] INFO  o.eclipse.m2e.core.internal.Bundles - 	Entry: C:\Users\zin22\Downloads\sts-4.17.0.RELEASE\plugins\org.eclipse.m2e.maven.runtime_3.8.604.20221130-2149\jars\plexus-component-annotations-2.1.0.jar
2023-04-23 15:34:52,109 [Worker-8: Launching mavenrun-2f59808d-ca69-4577-86fe-a60fcf0aafaf] INFO  o.eclipse.m2e.core.internal.Bundles - 	Entry: C:\Users\zin22\Downloads\sts-4.17.0.RELEASE\plugins\org.eclipse.m2e.maven.runtime_3.8.604.20221130-2149\jars\plexus-interpolation-1.26.jar
2023-04-23 15:34:52,110 [Worker-8: Launching mavenrun-2f59808d-ca69-4577-86fe-a60fcf0aafaf] INFO  o.eclipse.m2e.core.internal.Bundles - 	Entry: C:\Users\zin22\Downloads\sts-4.17.0.RELEASE\plugins\org.eclipse.m2e.maven.runtime_3.8.604.20221130-2149\jars\plexus-sec-dispatcher-2.0.jar
2023-04-23 15:34:52,110 [Worker-8: Launching mavenrun-2f59808d-ca69-4577-86fe-a60fcf0aafaf] INFO  o.eclipse.m2e.core.internal.Bundles - 	Entry: C:\Users\zin22\Downloads\sts-4.17.0.RELEASE\plugins\org.eclipse.m2e.maven.runtime_3.8.604.20221130-2149\jars\plexus-utils-3.3.1.jar
2023-04-23 15:34:52,110 [Worker-8: Launching mavenrun-2f59808d-ca69-4577-86fe-a60fcf0aafaf] INFO  o.eclipse.m2e.core.internal.Bundles - 	Entry: C:\Users\zin22\Downloads\sts-4.17.0.RELEASE\plugins\org.eclipse.m2e.maven.runtime_3.8.604.20221130-2149\jars\wagon-file-3.5.1.jar
2023-04-23 15:34:52,110 [Worker-8: Launching mavenrun-2f59808d-ca69-4577-86fe-a60fcf0aafaf] INFO  o.eclipse.m2e.core.internal.Bundles - 	Entry: C:\Users\zin22\Downloads\sts-4.17.0.RELEASE\plugins\org.eclipse.m2e.maven.runtime_3.8.604.20221130-2149\jars\wagon-provider-api-3.5.1.jar
2023-04-23 15:34:52,112 [Worker-8: Launching mavenrun-2f59808d-ca69-4577-86fe-a60fcf0aafaf] INFO  o.eclipse.m2e.core.internal.Bundles - getClasspathEntries(Bundle=com.google.guava_30.1.0.v20221112-0806 [22])
2023-04-23 15:34:52,114 [Worker-8: Launching mavenrun-2f59808d-ca69-4577-86fe-a60fcf0aafaf] INFO  o.eclipse.m2e.core.internal.Bundles - 	Entry: C:\Users\zin22\Downloads\sts-4.17.0.RELEASE\plugins\com.google.guava_30.1.0.v20221112-0806.jar
2023-04-23 15:34:52,114 [Worker-8: Launching mavenrun-2f59808d-ca69-4577-86fe-a60fcf0aafaf] INFO  o.eclipse.m2e.core.internal.Bundles - getClasspathEntries(Bundle=slf4j.api_1.7.36 [584])
2023-04-23 15:34:52,115 [Worker-8: Launching mavenrun-2f59808d-ca69-4577-86fe-a60fcf0aafaf] INFO  o.eclipse.m2e.core.internal.Bundles - 	Entry: C:\Users\zin22\Downloads\sts-4.17.0.RELEASE\plugins\slf4j.api_1.7.36.jar
2023-04-23 15:34:52,115 [Worker-8: Launching mavenrun-2f59808d-ca69-4577-86fe-a60fcf0aafaf] INFO  o.eclipse.m2e.core.internal.Bundles - getClasspathEntries(Bundle=javax.inject_1.0.0.v20220405-0441 [49])
2023-04-23 15:34:52,116 [Worker-8: Launching mavenrun-2f59808d-ca69-4577-86fe-a60fcf0aafaf] INFO  o.eclipse.m2e.core.internal.Bundles - 	Entry: C:\Users\zin22\Downloads\sts-4.17.0.RELEASE\plugins\javax.inject_1.0.0.v20220405-0441.jar
2023-04-23 15:34:52,116 [Worker-8: Launching mavenrun-2f59808d-ca69-4577-86fe-a60fcf0aafaf] INFO  o.eclipse.m2e.core.internal.Bundles - getClasspathEntries(Bundle=javax.annotation_1.3.5.v20221112-0806 [47])
2023-04-23 15:34:52,117 [Worker-8: Launching mavenrun-2f59808d-ca69-4577-86fe-a60fcf0aafaf] INFO  o.eclipse.m2e.core.internal.Bundles - 	Entry: C:\Users\zin22\Downloads\sts-4.17.0.RELEASE\plugins\javax.annotation_1.3.5.v20221112-0806.jar
2023-04-23 15:34:52,127 [Worker-8: Launching mavenrun-2f59808d-ca69-4577-86fe-a60fcf0aafaf] INFO  o.e.m.i.launch.MavenLaunchDelegate - Run build in "C:\Users\zin22\AppData\Local\Temp\m2e-archetypeGenerator2245632582624949428":
2023-04-23 15:34:52,132 [Worker-8: Launching mavenrun-2f59808d-ca69-4577-86fe-a60fcf0aafaf] INFO  o.e.m.i.launch.MavenLaunchDelegate -  mvn  -DarchetypeGroupId=org.apache.maven.archetypes -DarchetypeArtifactId=maven-archetype-quickstart -DarchetypeVersion=1.4 -DgroupId=com.green-apex -DartifactId=practicalTest -Dversion=0.0.1-SNAPSHOT -Dpackage=com.green_apex.practicalTest -DoutputDirectory=C:\Users\zin22\Desktop\Green_Apex -Dstyle.color=always -U archetype:generate
2023-04-23 15:35:04,694 [Worker-10: Creating maven-archetype-quickstart] INFO  o.e.m.c.i.p.ProjectConfigurationManager - Collecting project info '/pom.xml' C:\Users\zin22\Desktop\Green_Apex\practicalTest\pom.xml
2023-04-23 15:35:05,362 [Worker-10: Creating maven-archetype-quickstart] INFO  o.e.m.c.i.l.LifecycleMappingFactory - Using org.eclipse.m2e.jdt.JarLifecycleMapping lifecycle mapping for MavenProject: com.green-apex:practicalTest:0.0.1-SNAPSHOT @ C:\Users\zin22\Desktop\Green_Apex\practicalTest\pom.xml.
2023-04-23 15:35:05,854 [Worker-10: Creating maven-archetype-quickstart] INFO  o.e.m.j.i.AbstractJavaProjectConfigurator - Adding source folder /practicalTest/src/main/java
2023-04-23 15:35:05,863 [Worker-10: Creating maven-archetype-quickstart] INFO  o.e.m.j.i.AbstractJavaProjectConfigurator - Adding source folder /practicalTest/src/test/java
2023-04-23 15:35:05,987 [Worker-10: Creating maven-archetype-quickstart] INFO  o.e.m.c.i.p.ProjectConfigurationManager - Imported and configured 1 project(s) in 1 sec
2023-04-23 15:35:06,726 [Worker-12: Building] INFO  o.e.m.c.i.embedder.EclipseLogger - Using 'UTF-8' encoding to copy filtered resources.
2023-04-23 15:35:06,726 [Worker-12: Building] INFO  o.e.m.c.i.embedder.EclipseLogger - skip non existing resourceDirectory C:\Users\zin22\Desktop\Green_Apex\practicalTest\src\main\resources
2023-04-23 15:35:06,728 [Worker-12: Building] INFO  o.e.m.c.i.embedder.EclipseLogger - Using 'UTF-8' encoding to copy filtered resources.
2023-04-23 15:35:06,728 [Worker-12: Building] INFO  o.e.m.c.i.embedder.EclipseLogger - skip non existing resourceDirectory C:\Users\zin22\Desktop\Green_Apex\practicalTest\src\test\resources
2023-04-23 15:35:31,517 [Worker-10: Building] INFO  o.e.m.c.i.embedder.EclipseLogger - Using 'UTF-8' encoding to copy filtered resources.
2023-04-23 15:35:31,518 [Worker-10: Building] INFO  o.e.m.c.i.embedder.EclipseLogger - skip non existing resourceDirectory C:\Users\zin22\Desktop\Green_Apex\practicalTest\src\main\resources
2023-04-23 15:35:31,522 [Worker-10: Building] INFO  o.e.m.c.i.embedder.EclipseLogger - Using 'UTF-8' encoding to copy filtered resources.
2023-04-23 15:35:31,523 [Worker-10: Building] INFO  o.e.m.c.i.embedder.EclipseLogger - skip non existing resourceDirectory C:\Users\zin22\Desktop\Green_Apex\practicalTest\src\test\resources
2023-04-23 15:52:02,956 [Worker-9: Building] INFO  o.e.m.c.i.embedder.EclipseLogger - Using 'UTF-8' encoding to copy filtered resources.
2023-04-23 15:52:02,957 [Worker-9: Building] INFO  o.e.m.c.i.embedder.EclipseLogger - skip non existing resourceDirectory C:\Users\zin22\Desktop\Green_Apex\practicalTest\src\main\resources
2023-04-23 15:52:02,958 [Worker-9: Building] INFO  o.e.m.c.i.embedder.EclipseLogger - Using 'UTF-8' encoding to copy filtered resources.
2023-04-23 15:52:02,958 [Worker-9: Building] INFO  o.e.m.c.i.embedder.EclipseLogger - skip non existing resourceDirectory C:\Users\zin22\Desktop\Green_Apex\practicalTest\src\test\resources
2023-04-23 15:59:18,676 [Worker-9: Building] INFO  o.e.m.c.i.embedder.EclipseLogger - Using 'UTF-8' encoding to copy filtered resources.
2023-04-23 15:59:18,677 [Worker-9: Building] INFO  o.e.m.c.i.embedder.EclipseLogger - skip non existing resourceDirectory C:\Users\zin22\Desktop\Green_Apex\practicalTest\src\main\resources
2023-04-23 15:59:18,681 [Worker-9: Building] INFO  o.e.m.c.i.embedder.EclipseLogger - Using 'UTF-8' encoding to copy filtered resources.
2023-04-23 15:59:18,681 [Worker-9: Building] INFO  o.e.m.c.i.embedder.EclipseLogger - skip non existing resourceDirectory C:\Users\zin22\Desktop\Green_Apex\practicalTest\src\test\resources
2023-04-23 15:59:27,712 [Worker-11: Building] INFO  o.e.m.c.i.embedder.EclipseLogger - Using 'UTF-8' encoding to copy filtered resources.
2023-04-23 15:59:27,712 [Worker-11: Building] INFO  o.e.m.c.i.embedder.EclipseLogger - skip non existing resourceDirectory C:\Users\zin22\Desktop\Green_Apex\practicalTest\src\main\resources
2023-04-23 15:59:27,714 [Worker-11: Building] INFO  o.e.m.c.i.embedder.EclipseLogger - Using 'UTF-8' encoding to copy filtered resources.
2023-04-23 15:59:27,714 [Worker-11: Building] INFO  o.e.m.c.i.embedder.EclipseLogger - skip non existing resourceDirectory C:\Users\zin22\Desktop\Green_Apex\practicalTest\src\test\resources
2023-04-23 16:01:05,181 [Worker-11: Launching App] INFO  o.e.m.c.i.embedder.EclipseLogger - Using 'UTF-8' encoding to copy filtered resources.
2023-04-23 16:01:05,182 [Worker-11: Launching App] INFO  o.e.m.c.i.embedder.EclipseLogger - skip non existing resourceDirectory C:\Users\zin22\Desktop\Green_Apex\practicalTest\src\main\resources
2023-04-23 16:01:05,186 [Worker-11: Launching App] INFO  o.e.m.c.i.embedder.EclipseLogger - Using 'UTF-8' encoding to copy filtered resources.
2023-04-23 16:01:05,186 [Worker-11: Launching App] INFO  o.e.m.c.i.embedder.EclipseLogger - skip non existing resourceDirectory C:\Users\zin22\Desktop\Green_Apex\practicalTest\src\test\resources
2023-04-23 16:02:09,565 [Worker-7: Building] INFO  o.e.m.c.i.embedder.EclipseLogger - Using 'UTF-8' encoding to copy filtered resources.
2023-04-23 16:02:09,566 [Worker-7: Building] INFO  o.e.m.c.i.embedder.EclipseLogger - skip non existing resourceDirectory C:\Users\zin22\Desktop\Green_Apex\practicalTest\src\main\resources
2023-04-23 16:02:09,567 [Worker-7: Building] INFO  o.e.m.c.i.embedder.EclipseLogger - Using 'UTF-8' encoding to copy filtered resources.
2023-04-23 16:02:09,567 [Worker-7: Building] INFO  o.e.m.c.i.embedder.EclipseLogger - skip non existing resourceDirectory C:\Users\zin22\Desktop\Green_Apex\practicalTest\src\test\resources
2023-04-23 16:02:25,540 [Worker-9: Building] INFO  o.e.m.c.i.embedder.EclipseLogger - Using 'UTF-8' encoding to copy filtered resources.
2023-04-23 16:02:25,540 [Worker-9: Building] INFO  o.e.m.c.i.embedder.EclipseLogger - skip non existing resourceDirectory C:\Users\zin22\Desktop\Green_Apex\practicalTest\src\main\resources
2023-04-23 16:02:25,545 [Worker-9: Building] INFO  o.e.m.c.i.embedder.EclipseLogger - Using 'UTF-8' encoding to copy filtered resources.
2023-04-23 16:02:25,546 [Worker-9: Building] INFO  o.e.m.c.i.embedder.EclipseLogger - skip non existing resourceDirectory C:\Users\zin22\Desktop\Green_Apex\practicalTest\src\test\resources
2023-04-23 16:07:22,462 [Worker-13: Building] INFO  o.e.m.c.i.embedder.EclipseLogger - Using 'UTF-8' encoding to copy filtered resources.
2023-04-23 16:07:22,462 [Worker-13: Building] INFO  o.e.m.c.i.embedder.EclipseLogger - skip non existing resourceDirectory C:\Users\zin22\Desktop\Green_Apex\practicalTest\src\main\resources
2023-04-23 16:07:22,464 [Worker-13: Building] INFO  o.e.m.c.i.embedder.EclipseLogger - Using 'UTF-8' encoding to copy filtered resources.
2023-04-23 16:07:22,464 [Worker-13: Building] INFO  o.e.m.c.i.embedder.EclipseLogger - skip non existing resourceDirectory C:\Users\zin22\Desktop\Green_Apex\practicalTest\src\test\resources
